  [1m[36m (15.1ms)[0m  [1mCREATE TABLE "schema_migrations" ("version" varchar(255) NOT NULL) [0m
  [1m[35m (0.1ms)[0m  select sqlite_version(*)
  [1m[36m (7.5ms)[0m  [1mCREATE UNIQUE INDEX "unique_schema_migrations" ON "schema_migrations" ("version")[0m
  [1m[35mActiveRecord::SchemaMigration Load (0.2ms)[0m  SELECT "schema_migrations".* FROM "schema_migrations"
Migrating to CreateEvents (20121121153536)
  [1m[36m (0.1ms)[0m  [1mbegin transaction[0m
  [1m[35m (0.4ms)[0m  CREATE TABLE "events" ("id" INTEGER PRIMARY KEY AUTOINCREMENT NOT NULL, "name" varchar(255), "location" varchar(255), "price" decimal, "created_at" datetime, "updated_at" datetime) 
  [1m[36mSQL (0.2ms)[0m  [1mINSERT INTO "schema_migrations" ("version") VALUES (?)[0m  [["version", "20121121153536"]]
  [1m[35m (5.3ms)[0m  commit transaction
Migrating to AddFieldsToEvents (20121121175436)
  [1m[36m (0.1ms)[0m  [1mbegin transaction[0m
  [1m[35m (0.4ms)[0m  ALTER TABLE "events" ADD "starts_at" datetime
  [1m[36m (0.2ms)[0m  [1mALTER TABLE "events" ADD "description" text[0m
  [1m[35mSQL (0.1ms)[0m  INSERT INTO "schema_migrations" ("version") VALUES (?)  [["version", "20121121175436"]]
  [1m[36m (7.9ms)[0m  [1mcommit transaction[0m
Migrating to AddImageFileAndCapacityToEvents (20121210230623)
  [1m[35m (0.1ms)[0m  begin transaction
  [1m[36m (0.4ms)[0m  [1mALTER TABLE "events" ADD "image_file_name" varchar(255)[0m
  [1m[35m (0.2ms)[0m  ALTER TABLE "events" ADD "capacity" integer DEFAULT 1
  [1m[36mSQL (0.1ms)[0m  [1mINSERT INTO "schema_migrations" ("version") VALUES (?)[0m  [["version", "20121210230623"]]
  [1m[35m (5.5ms)[0m  commit transaction
Migrating to CreateRegistrations (20121214204822)
  [1m[36m (0.1ms)[0m  [1mbegin transaction[0m
  [1m[35m (0.3ms)[0m  CREATE TABLE "registrations" ("id" INTEGER PRIMARY KEY AUTOINCREMENT NOT NULL, "name" varchar(255), "email" varchar(255), "how_heard" varchar(255), "event_id" integer, "created_at" datetime, "updated_at" datetime) 
  [1m[36m (0.2ms)[0m  [1mCREATE  INDEX "index_registrations_on_event_id" ON "registrations" ("event_id")[0m
  [1m[35mSQL (0.1ms)[0m  INSERT INTO "schema_migrations" ("version") VALUES (?)  [["version", "20121214204822"]]
  [1m[36m (6.2ms)[0m  [1mcommit transaction[0m
  [1m[35mActiveRecord::SchemaMigration Load (0.1ms)[0m  SELECT "schema_migrations".* FROM "schema_migrations"
  [1m[36m (0.2ms)[0m  [1m            SELECT sql
            FROM sqlite_master
            WHERE name='index_registrations_on_event_id' AND type='index'
            UNION ALL
            SELECT sql
            FROM sqlite_temp_master
            WHERE name='index_registrations_on_event_id' AND type='index'
[0m
  [1m[35mActiveRecord::SchemaMigration Load (0.1ms)[0m  SELECT "schema_migrations".* FROM "schema_migrations"
  [1m[36m (0.1ms)[0m  [1mbegin transaction[0m
  [1m[35mSQL (0.5ms)[0m  INSERT INTO "events" ("capacity", "created_at", "description", "image_file_name", "location", "name", "price", "starts_at", "updated_at") VALUES (?, ?, ?, ?, ?, ?, ?, ?, ?)  [["capacity", 75], ["created_at", "2014-03-25 13:22:18.885473"], ["description", "Join us for a fun evening of bug smashing! It's a great way to get involved in open source projects whether you're reporting bugs, fixing bugs, or even inadvertently creating a few bugs!"], ["image_file_name", "bugsmash.png"], ["location", "Wynkoop in LoDo, Denver, CO"], ["name", "BugSmash"], ["price", 0.0], ["starts_at", "2014-07-03 13:22:18.835439"], ["updated_at", "2014-03-25 13:22:18.885473"]]
  [1m[36m (7.4ms)[0m  [1mcommit transaction[0m
  [1m[35m (0.1ms)[0m  begin transaction
  [1m[36mSQL (0.2ms)[0m  [1mINSERT INTO "events" ("capacity", "created_at", "description", "image_file_name", "location", "name", "price", "starts_at", "updated_at") VALUES (?, ?, ?, ?, ?, ?, ?, ?, ?)[0m  [["capacity", 100], ["created_at", "2014-03-25 13:22:18.895495"], ["description", "Got a killer app idea you've been itching to work on? Hunker down at the Hackathon! This is an intense, focused day of hacking on anything you want. The entry fee goes toward a bounty of cash and prizes for winners in a variety of categories."], ["image_file_name", "hackathon.png"], ["location", "Buffalo Billiards, Austin, TX"], ["name", "Hackathon"], ["price", 15.0], ["starts_at", "2014-07-23 13:22:18.837160"], ["updated_at", "2014-03-25 13:22:18.895495"]]
  [1m[35m (6.8ms)[0m  commit transaction
  [1m[36m (0.1ms)[0m  [1mbegin transaction[0m
  [1m[35mSQL (0.3ms)[0m  INSERT INTO "events" ("capacity", "created_at", "description", "image_file_name", "location", "name", "price", "starts_at", "updated_at") VALUES (?, ?, ?, ?, ?, ?, ?, ?, ?)  [["capacity", 50], ["created_at", "2014-03-25 13:22:18.904045"], ["description", "Kata Camp is where developers go to practice their craft without the interruptions of a typical project. Forget about having to actually ship something. Tell your manager you're going to Kata Camp for the day! Price includes a buffet lunch and a leather-bound journal to record your kata achievements."], ["image_file_name", "katacamp.png"], ["location", "Double R Ranch, Dallas, TX"], ["name", "Kata Camp"], ["price", 75.0], ["starts_at", "2014-08-22 13:22:18.837352"], ["updated_at", "2014-03-25 13:22:18.904045"]]
  [1m[36m (7.1ms)[0m  [1mcommit transaction[0m
  [1m[35m (0.1ms)[0m  begin transaction
  [1m[36mSQL (0.2ms)[0m  [1mINSERT INTO "events" ("capacity", "created_at", "description", "image_file_name", "location", "name", "price", "starts_at", "updated_at") VALUES (?, ?, ?, ?, ?, ?, ?, ?, ?)[0m  [["capacity", 15], ["created_at", "2014-03-25 13:22:18.912932"], ["description", "Start your day off right with a good cup of Joe while you sling some code. By the time you hit the office, you'll be all tuned up!"], ["image_file_name", "coffeecode.png"], ["location", "Stumptown Coffee, Portland, OR"], ["name", "Coffee and Code"], ["price", 0.0], ["starts_at", "2014-09-11 13:22:18.837548"], ["updated_at", "2014-03-25 13:22:18.912932"]]
  [1m[35m (5.9ms)[0m  commit transaction
  [1m[36m (0.1ms)[0m  [1mbegin transaction[0m
  [1m[35mSQL (0.2ms)[0m  INSERT INTO "events" ("capacity", "created_at", "description", "image_file_name", "location", "name", "price", "starts_at", "updated_at") VALUES (?, ?, ?, ?, ?, ?, ?, ?, ?)  [["capacity", 150], ["created_at", "2014-03-25 13:22:18.920546"], ["description", "Brew up the tastiest Mac app and win! Entry fee includes a stylish apron."], ["image_file_name", "cocoacookoff.png"], ["location", "1 Infinite Loop, Cupertino, CA"], ["name", "Cocoa Cook-off"], ["price", 25.0], ["starts_at", "2014-09-21 13:22:18.837708"], ["updated_at", "2014-03-25 13:22:18.920546"]]
  [1m[36m (9.5ms)[0m  [1mcommit transaction[0m
  [1m[35m (0.1ms)[0m  begin transaction
  [1m[36mSQL (0.3ms)[0m  [1mINSERT INTO "events" ("capacity", "created_at", "description", "image_file_name", "location", "name", "price", "starts_at", "updated_at") VALUES (?, ?, ?, ?, ?, ?, ?, ?, ?)[0m  [["capacity", 200], ["created_at", "2014-03-25 13:22:18.931769"], ["description", "Join us for a non-stop evening of Muppet mania! We'll watch all the hits (and flops), starting with the classics from back in the day and ending with the latest release."], ["image_file_name", "moviemarathon.png"], ["location", "Disney Theatre, Orlando, FL"], ["name", "Muppets Movie Marathon"], ["price", 15.0], ["starts_at", "2014-10-01 13:22:18.837841"], ["updated_at", "2014-03-25 13:22:18.931769"]]
  [1m[35m (12.1ms)[0m  commit transaction
  [1m[36m (0.1ms)[0m  [1mbegin transaction[0m
  [1m[35mSQL (0.2ms)[0m  INSERT INTO "events" ("capacity", "created_at", "description", "image_file_name", "location", "name", "price", "starts_at", "updated_at") VALUES (?, ?, ?, ?, ?, ?, ?, ?, ?)  [["capacity", 75], ["created_at", "2014-03-25 13:22:18.945613"], ["description", "Come sing along with your favorite country band in Music City! Cover charge includes a confidence-boosting beverage of your choice and entry into the YeeHaw Yodelin' contest."], ["image_file_name", "karaoke.png"], ["location", "Hokey Pokey Saloon, Nashville, TN"], ["name", "Hokey Karaoke"], ["price", 25.0], ["starts_at", "2014-10-11 13:22:18.838036"], ["updated_at", "2014-03-25 13:22:18.945613"]]
  [1m[36m (5.7ms)[0m  [1mcommit transaction[0m
  [1m[35m (0.1ms)[0m  begin transaction
  [1m[36mSQL (0.2ms)[0m  [1mINSERT INTO "events" ("capacity", "created_at", "description", "image_file_name", "location", "name", "price", "starts_at", "updated_at") VALUES (?, ?, ?, ?, ?, ?, ?, ?, ?)[0m  [["capacity", 30], ["created_at", "2014-03-25 13:22:18.953071"], ["description", "Come meet local Rails developers and enjoy a technical talk by a local celebrity. This week's topic is a comparison of testing frameworks, templating systems, and whether to use tabs or spaces."], ["image_file_name", "placeholder.png"], ["location", "Reston, VA"], ["name", "Rails User Group"], ["price", 0.0], ["starts_at", "2014-03-23 13:22:18.838202"], ["updated_at", "2014-03-25 13:22:18.953071"]]
  [1m[35m (6.8ms)[0m  commit transaction
  [1m[36mEvent Load (0.2ms)[0m  [1mSELECT  "events".* FROM "events"  WHERE "events"."name" = 'BugSmash' LIMIT 1[0m
  [1m[35m (0.1ms)[0m  begin transaction
  [1m[36mSQL (0.3ms)[0m  [1mINSERT INTO "registrations" ("created_at", "email", "event_id", "how_heard", "name", "updated_at") VALUES (?, ?, ?, ?, ?, ?)[0m  [["created_at", "2014-03-25 13:22:18.996840"], ["email", "larry@stooges.com"], ["event_id", 1], ["how_heard", "Newsletter"], ["name", "Larry"], ["updated_at", "2014-03-25 13:22:18.996840"]]
  [1m[35m (7.6ms)[0m  commit transaction
  [1m[36m (0.1ms)[0m  [1mbegin transaction[0m
  [1m[35mSQL (0.3ms)[0m  INSERT INTO "registrations" ("created_at", "email", "event_id", "how_heard", "name", "updated_at") VALUES (?, ?, ?, ?, ?, ?)  [["created_at", "2014-03-25 13:22:19.006791"], ["email", "moe@stooges.com"], ["event_id", 1], ["how_heard", "Blog Post"], ["name", "Moe"], ["updated_at", "2014-03-25 13:22:19.006791"]]
  [1m[36m (14.1ms)[0m  [1mcommit transaction[0m
  [1m[35m (0.1ms)[0m  begin transaction
  [1m[36mSQL (0.3ms)[0m  [1mINSERT INTO "registrations" ("created_at", "email", "event_id", "how_heard", "name", "updated_at") VALUES (?, ?, ?, ?, ?, ?)[0m  [["created_at", "2014-03-25 13:22:19.022599"], ["email", "curly@stooges.com"], ["event_id", 1], ["how_heard", "Twitter"], ["name", "Curly"], ["updated_at", "2014-03-25 13:22:19.022599"]]
  [1m[35m (9.9ms)[0m  commit transaction
  [1m[36mEvent Load (0.2ms)[0m  [1mSELECT  "events".* FROM "events"  WHERE "events"."name" = 'Kata Camp' LIMIT 1[0m
  [1m[35m (0.1ms)[0m  begin transaction
  [1m[36mSQL (0.3ms)[0m  [1mINSERT INTO "registrations" ("created_at", "email", "event_id", "how_heard", "name", "updated_at") VALUES (?, ?, ?, ?, ?, ?)[0m  [["created_at", "2014-03-25 13:22:19.035336"], ["email", "moe@stooges.com"], ["event_id", 3], ["how_heard", "Web Search"], ["name", "Moe"], ["updated_at", "2014-03-25 13:22:19.035336"]]
  [1m[35m (9.4ms)[0m  commit transaction


Started GET "/" for 66.170.138.4 at 2014-03-25 13:24:29 +0000
  [1m[36mActiveRecord::SchemaMigration Load (0.2ms)[0m  [1mSELECT "schema_migrations".* FROM "schema_migrations"[0m
Processing by EventsController#index as HTML
  [1m[35mEvent Load (0.4ms)[0m  SELECT "events".* FROM "events"  WHERE (starts_at >= '2014-03-25 13:24:30.098376')  ORDER BY "events"."starts_at" ASC
  [1m[36m (0.3ms)[0m  [1mSELECT COUNT(*) FROM "registrations"  WHERE "registrations"."event_id" = ?[0m  [["event_id", 1]]
  [1m[35m (0.1ms)[0m  SELECT COUNT(*) FROM "registrations"  WHERE "registrations"."event_id" = ?  [["event_id", 2]]
  [1m[36m (0.1ms)[0m  [1mSELECT COUNT(*) FROM "registrations"  WHERE "registrations"."event_id" = ?[0m  [["event_id", 3]]
  [1m[35m (0.1ms)[0m  SELECT COUNT(*) FROM "registrations"  WHERE "registrations"."event_id" = ?  [["event_id", 4]]
  [1m[36m (0.1ms)[0m  [1mSELECT COUNT(*) FROM "registrations"  WHERE "registrations"."event_id" = ?[0m  [["event_id", 5]]
  [1m[35m (0.1ms)[0m  SELECT COUNT(*) FROM "registrations"  WHERE "registrations"."event_id" = ?  [["event_id", 6]]
  [1m[36m (0.1ms)[0m  [1mSELECT COUNT(*) FROM "registrations"  WHERE "registrations"."event_id" = ?[0m  [["event_id", 7]]
  Rendered events/index.html.erb within layouts/application (72.8ms)
  Rendered layouts/_header.html.erb (1.0ms)
  Rendered layouts/_flashes.html.erb (0.6ms)
  Rendered layouts/_sidebar.html.erb (0.7ms)
  Rendered layouts/_footer.html.erb (0.3ms)
Completed 200 OK in 1168ms (Views: 1099.0ms | ActiveRecord: 2.3ms)


Started GET "/assets/application.css?body=1" for 66.170.138.4 at 2014-03-25 13:24:31 +0000


Started GET "/assets/buttons.css?body=1" for 66.170.138.4 at 2014-03-25 13:24:31 +0000


Started GET "/assets/normalize.css?body=1" for 66.170.138.4 at 2014-03-25 13:24:31 +0000


Started GET "/assets/layout.css?body=1" for 66.170.138.4 at 2014-03-25 13:24:31 +0000


Started GET "/assets/events.css?body=1" for 66.170.138.4 at 2014-03-25 13:24:31 +0000


Started GET "/assets/forms.css?body=1" for 66.170.138.4 at 2014-03-25 13:24:31 +0000


Started GET "/assets/elements.css?body=1" for 66.170.138.4 at 2014-03-25 13:24:31 +0000


Started GET "/assets/jquery.js?body=1" for 66.170.138.4 at 2014-03-25 13:24:31 +0000


Started GET "/assets/jquery_ujs.js?body=1" for 66.170.138.4 at 2014-03-25 13:24:31 +0000


Started GET "/assets/registrations.js?body=1" for 66.170.138.4 at 2014-03-25 13:24:31 +0000


Started GET "/assets/events.js?body=1" for 66.170.138.4 at 2014-03-25 13:24:31 +0000


Started GET "/assets/turbolinks.js?body=1" for 66.170.138.4 at 2014-03-25 13:24:31 +0000


Started GET "/assets/application.js?body=1" for 66.170.138.4 at 2014-03-25 13:24:31 +0000


Started GET "/assets/bugsmash.png" for 66.170.138.4 at 2014-03-25 13:24:31 +0000


Started GET "/assets/hackathon.png" for 66.170.138.4 at 2014-03-25 13:24:31 +0000


Started GET "/assets/katacamp.png" for 66.170.138.4 at 2014-03-25 13:24:32 +0000


Started GET "/assets/coffeecode.png" for 66.170.138.4 at 2014-03-25 13:24:32 +0000


Started GET "/assets/cocoacookoff.png" for 66.170.138.4 at 2014-03-25 13:24:32 +0000


Started GET "/assets/moviemarathon.png" for 66.170.138.4 at 2014-03-25 13:24:32 +0000


Started GET "/assets/karaoke.png" for 66.170.138.4 at 2014-03-25 13:24:32 +0000


Started GET "/assets/arrow.png" for 66.170.138.4 at 2014-03-25 13:24:34 +0000


Started GET "/assets/background.jpg" for 66.170.138.4 at 2014-03-25 13:24:34 +0000


Started GET "/assets/logo.png" for 66.170.138.4 at 2014-03-25 13:24:34 +0000


Started GET "/assets/add.png" for 66.170.138.4 at 2014-03-25 13:24:34 +0000
